This file contains any messages produced by compilers while
running configure, to aid debugging if configure makes a mistake.

It was created by libcoap configure 4.1.1, which was
generated by GNU Autoconf 2.69.  Invocation command line was

  $ ./configure --prefix=/home/voul/src/company/coaptest/

## --------- ##
## Platform. ##
## --------- ##

hostname = veil
uname -m = x86_64
uname -r = 4.9.0-1-amd64
uname -s = Linux
uname -v = #1 SMP Debian 4.9.6-3 (2017-01-28)

/usr/bin/uname -p = unknown
/bin/uname -X     = unknown

/bin/arch              = unknown
/usr/bin/arch -k       = unknown
/usr/convex/getsysinfo = unknown
/usr/bin/hostinfo      = unknown
/bin/machine           = unknown
/usr/bin/oslevel       = unknown
/bin/universe          = unknown

PATH: /usr/local/bin
PATH: /usr/bin
PATH: /bin
PATH: /usr/local/games
PATH: /usr/games
PATH: /home/voul/src/company/Wulian_7620/OpenWrt-SDK-ramips-for-redhat-i686-gcc-4.8-linaro_uClibc-0.9.33.2/staging_dir/toolchain-mipsel_24kec+dsp_gcc-4.8-linaro_uClibc-0.9.33.2/bin


## ----------- ##
## Core tests. ##
## ----------- ##

configure:2188: checking whether make sets $(MAKE)
configure:2210: result: yes
configure:2267: checking for gcc
configure:2283: found /usr/bin/gcc
configure:2294: result: gcc
configure:2523: checking for C compiler version
configure:2532: gcc --version >&5
gcc (Debian 6.3.0-6) 6.3.0 20170205
Copyright (C) 2016 Free Software Foundation, Inc.
This is free software; see the source for copying conditions.  There is NO
warranty; not even for MERCHANTABILITY or FITNESS FOR A PARTICULAR PURPOSE.

configure:2543: $? = 0
configure:2532: gcc -v >&5
Using built-in specs.
COLLECT_GCC=gcc
COLLECT_LTO_WRAPPER=/usr/lib/gcc/x86_64-linux-gnu/6/lto-wrapper
Target: x86_64-linux-gnu
Configured with: ../src/configure -v --with-pkgversion='Debian 6.3.0-6' --with-bugurl=file:///usr/share/doc/gcc-6/README.Bugs --enable-languages=c,ada,c++,java,go,d,fortran,objc,obj-c++ --prefix=/usr --program-suffix=-6 --program-prefix=x86_64-linux-gnu- --enable-shared --enable-linker-build-id --libexecdir=/usr/lib --without-included-gettext --enable-threads=posix --libdir=/usr/lib --enable-nls --with-sysroot=/ --enable-clocale=gnu --enable-libstdcxx-debug --enable-libstdcxx-time=yes --with-default-libstdcxx-abi=new --enable-gnu-unique-object --disable-vtable-verify --enable-libmpx --enable-plugin --enable-default-pie --with-system-zlib --disable-browser-plugin --enable-java-awt=gtk --enable-gtk-cairo --with-java-home=/usr/lib/jvm/java-1.5.0-gcj-6-amd64/jre --enable-java-home --with-jvm-root-dir=/usr/lib/jvm/java-1.5.0-gcj-6-amd64 --with-jvm-jar-dir=/usr/lib/jvm-exports/java-1.5.0-gcj-6-amd64 --with-arch-directory=amd64 --with-ecj-jar=/usr/share/java/eclipse-ecj.jar --with-target-system-zlib --enable-objc-gc=auto --enable-multiarch --with-arch-32=i686 --with-abi=m64 --with-multilib-list=m32,m64,mx32 --enable-multilib --with-tune=generic --enable-checking=release --build=x86_64-linux-gnu --host=x86_64-linux-gnu --target=x86_64-linux-gnu
Thread model: posix
gcc version 6.3.0 20170205 (Debian 6.3.0-6) 
configure:2543: $? = 0
configure:2532: gcc -V >&5
gcc: error: unrecognized command line option '-V'
gcc: fatal error: no input files
compilation terminated.
configure:2543: $? = 1
configure:2532: gcc -qversion >&5
gcc: error: unrecognized command line option '-qversion'; did you mean '--version'?
gcc: fatal error: no input files
compilation terminated.
configure:2543: $? = 1
configure:2563: checking whether the C compiler works
configure:2585: gcc    conftest.c  >&5
configure:2589: $? = 0
configure:2637: result: yes
configure:2640: checking for C compiler default output file name
configure:2642: result: a.out
configure:2648: checking for suffix of executables
configure:2655: gcc -o conftest    conftest.c  >&5
configure:2659: $? = 0
configure:2681: result: 
configure:2703: checking whether we are cross compiling
configure:2711: gcc -o conftest    conftest.c  >&5
configure:2715: $? = 0
configure:2722: ./conftest
configure:2726: $? = 0
configure:2741: result: no
configure:2746: checking for suffix of object files
configure:2768: gcc -c   conftest.c >&5
configure:2772: $? = 0
configure:2793: result: o
configure:2797: checking whether we are using the GNU C compiler
configure:2816: gcc -c   conftest.c >&5
configure:2816: $? = 0
configure:2825: result: yes
configure:2834: checking whether gcc accepts -g
configure:2854: gcc -c -g  conftest.c >&5
configure:2854: $? = 0
configure:2895: result: yes
configure:2912: checking for gcc option to accept ISO C89
configure:2975: gcc  -c -g -O2  conftest.c >&5
configure:2975: $? = 0
configure:2988: result: none needed
configure:3051: checking for ranlib
configure:3067: found /usr/bin/ranlib
configure:3078: result: ranlib
configure:3102: checking for doxygen
configure:3133: result: :
configure:3143: checking for etags
configure:3161: found /usr/bin/etags
configure:3174: result: /usr/bin/etags
configure:3189: checking how to run the C preprocessor
configure:3220: gcc -E  conftest.c
configure:3220: $? = 0
configure:3234: gcc -E  conftest.c
conftest.c:9:28: fatal error: ac_nonexistent.h: No such file or directory
 #include <ac_nonexistent.h>
                            ^
compilation terminated.
configure:3234: $? = 1
configure: failed program was:
| /* confdefs.h */
| #define PACKAGE_NAME "libcoap"
| #define PACKAGE_TARNAME "libcoap"
| #define PACKAGE_VERSION "4.1.1"
| #define PACKAGE_STRING "libcoap 4.1.1"
| #define PACKAGE_BUGREPORT ""
| #define PACKAGE_URL ""
| /* end confdefs.h.  */
| #include <ac_nonexistent.h>
configure:3259: result: gcc -E
configure:3279: gcc -E  conftest.c
configure:3279: $? = 0
configure:3293: gcc -E  conftest.c
conftest.c:9:28: fatal error: ac_nonexistent.h: No such file or directory
 #include <ac_nonexistent.h>
                            ^
compilation terminated.
configure:3293: $? = 1
configure: failed program was:
| /* confdefs.h */
| #define PACKAGE_NAME "libcoap"
| #define PACKAGE_TARNAME "libcoap"
| #define PACKAGE_VERSION "4.1.1"
| #define PACKAGE_STRING "libcoap 4.1.1"
| #define PACKAGE_BUGREPORT ""
| #define PACKAGE_URL ""
| /* end confdefs.h.  */
| #include <ac_nonexistent.h>
configure:3322: checking for grep that handles long lines and -e
configure:3380: result: /bin/grep
configure:3385: checking for egrep
configure:3447: result: /bin/grep -E
configure:3452: checking for ANSI C header files
configure:3472: gcc -c -g -O2  conftest.c >&5
configure:3472: $? = 0
configure:3545: gcc -o conftest -g -O2   conftest.c  >&5
configure:3545: $? = 0
configure:3545: ./conftest
configure:3545: $? = 0
configure:3556: result: yes
configure:3569: checking for sys/types.h
configure:3569: gcc -c -g -O2  conftest.c >&5
configure:3569: $? = 0
configure:3569: result: yes
configure:3569: checking for sys/stat.h
configure:3569: gcc -c -g -O2  conftest.c >&5
configure:3569: $? = 0
configure:3569: result: yes
configure:3569: checking for stdlib.h
configure:3569: gcc -c -g -O2  conftest.c >&5
configure:3569: $? = 0
configure:3569: result: yes
configure:3569: checking for string.h
configure:3569: gcc -c -g -O2  conftest.c >&5
configure:3569: $? = 0
configure:3569: result: yes
configure:3569: checking for memory.h
configure:3569: gcc -c -g -O2  conftest.c >&5
configure:3569: $? = 0
configure:3569: result: yes
configure:3569: checking for strings.h
configure:3569: gcc -c -g -O2  conftest.c >&5
configure:3569: $? = 0
configure:3569: result: yes
configure:3569: checking for inttypes.h
configure:3569: gcc -c -g -O2  conftest.c >&5
configure:3569: $? = 0
configure:3569: result: yes
configure:3569: checking for stdint.h
configure:3569: gcc -c -g -O2  conftest.c >&5
configure:3569: $? = 0
configure:3569: result: yes
configure:3569: checking for unistd.h
configure:3569: gcc -c -g -O2  conftest.c >&5
configure:3569: $? = 0
configure:3569: result: yes
configure:3581: checking whether byte ordering is bigendian
configure:3596: gcc -c -g -O2  conftest.c >&5
conftest.c:20:9: error: unknown type name 'not'
         not a universal capable compiler
         ^~~
conftest.c:20:15: error: expected '=', ',', ';', 'asm' or '__attribute__' before 'universal'
         not a universal capable compiler
               ^~~~~~~~~
conftest.c:20:15: error: unknown type name 'universal'
configure:3596: $? = 1
configure: failed program was:
| /* confdefs.h */
| #define PACKAGE_NAME "libcoap"
| #define PACKAGE_TARNAME "libcoap"
| #define PACKAGE_VERSION "4.1.1"
| #define PACKAGE_STRING "libcoap 4.1.1"
| #define PACKAGE_BUGREPORT ""
| #define PACKAGE_URL ""
| #define STDC_HEADERS 1
| #define HAVE_SYS_TYPES_H 1
| #define HAVE_SYS_STAT_H 1
| #define HAVE_STDLIB_H 1
| #define HAVE_STRING_H 1
| #define HAVE_MEMORY_H 1
| #define HAVE_STRINGS_H 1
| #define HAVE_INTTYPES_H 1
| #define HAVE_STDINT_H 1
| #define HAVE_UNISTD_H 1
| /* end confdefs.h.  */
| #ifndef __APPLE_CC__
| 	       not a universal capable compiler
| 	     #endif
| 	     typedef int dummy;
| 
configure:3641: gcc -c -g -O2  conftest.c >&5
configure:3641: $? = 0
configure:3659: gcc -c -g -O2  conftest.c >&5
conftest.c: In function 'main':
conftest.c:26:4: error: unknown type name 'not'
    not big endian
    ^~~
conftest.c:26:12: error: expected '=', ',', ';', 'asm' or '__attribute__' before 'endian'
    not big endian
            ^~~~~~
configure:3659: $? = 1
configure: failed program was:
| /* confdefs.h */
| #define PACKAGE_NAME "libcoap"
| #define PACKAGE_TARNAME "libcoap"
| #define PACKAGE_VERSION "4.1.1"
| #define PACKAGE_STRING "libcoap 4.1.1"
| #define PACKAGE_BUGREPORT ""
| #define PACKAGE_URL ""
| #define STDC_HEADERS 1
| #define HAVE_SYS_TYPES_H 1
| #define HAVE_SYS_STAT_H 1
| #define HAVE_STDLIB_H 1
| #define HAVE_STRING_H 1
| #define HAVE_MEMORY_H 1
| #define HAVE_STRINGS_H 1
| #define HAVE_INTTYPES_H 1
| #define HAVE_STDINT_H 1
| #define HAVE_UNISTD_H 1
| /* end confdefs.h.  */
| #include <sys/types.h>
| 		#include <sys/param.h>
| 
| int
| main ()
| {
| #if BYTE_ORDER != BIG_ENDIAN
| 		 not big endian
| 		#endif
| 
|   ;
|   return 0;
| }
configure:3787: result: no
configure:3807: checking for coap_new_pdu in -lcoap
configure:3832: gcc -o conftest -g -O2   conftest.c -lcoap   >&5
/usr/bin/ld: cannot find -lcoap
collect2: error: ld returned 1 exit status
configure:3832: $? = 1
configure: failed program was:
| /* confdefs.h */
| #define PACKAGE_NAME "libcoap"
| #define PACKAGE_TARNAME "libcoap"
| #define PACKAGE_VERSION "4.1.1"
| #define PACKAGE_STRING "libcoap 4.1.1"
| #define PACKAGE_BUGREPORT ""
| #define PACKAGE_URL ""
| #define STDC_HEADERS 1
| #define HAVE_SYS_TYPES_H 1
| #define HAVE_SYS_STAT_H 1
| #define HAVE_STDLIB_H 1
| #define HAVE_STRING_H 1
| #define HAVE_MEMORY_H 1
| #define HAVE_STRINGS_H 1
| #define HAVE_INTTYPES_H 1
| #define HAVE_STDINT_H 1
| #define HAVE_UNISTD_H 1
| /* end confdefs.h.  */
| 
| /* Override any GCC internal prototype to avoid an error.
|    Use char because int might match the return type of a GCC
|    builtin and then its argument prototype would still apply.  */
| #ifdef __cplusplus
| extern "C"
| #endif
| char coap_new_pdu ();
| int
| main ()
| {
| return coap_new_pdu ();
|   ;
|   return 0;
| }
configure:3841: result: no
configure:3853: checking for library containing gethostbyname
configure:3884: gcc -o conftest -g -O2   conftest.c  >&5
configure:3884: $? = 0
configure:3901: result: none required
configure:3909: checking for library containing socket
configure:3940: gcc -o conftest -g -O2   conftest.c  >&5
configure:3940: $? = 0
configure:3957: result: none required
configure:4024: checking assert.h usability
configure:4024: gcc -c -g -O2  -DWITH_POSIX conftest.c >&5
configure:4024: $? = 0
configure:4024: result: yes
configure:4024: checking assert.h presence
configure:4024: gcc -E  -DWITH_POSIX conftest.c
configure:4024: $? = 0
configure:4024: result: yes
configure:4024: checking for assert.h
configure:4024: result: yes
configure:4024: checking arpa/inet.h usability
configure:4024: gcc -c -g -O2  -DWITH_POSIX conftest.c >&5
configure:4024: $? = 0
configure:4024: result: yes
configure:4024: checking arpa/inet.h presence
configure:4024: gcc -E  -DWITH_POSIX conftest.c
configure:4024: $? = 0
configure:4024: result: yes
configure:4024: checking for arpa/inet.h
configure:4024: result: yes
configure:4024: checking limits.h usability
configure:4024: gcc -c -g -O2  -DWITH_POSIX conftest.c >&5
configure:4024: $? = 0
configure:4024: result: yes
configure:4024: checking limits.h presence
configure:4024: gcc -E  -DWITH_POSIX conftest.c
configure:4024: $? = 0
configure:4024: result: yes
configure:4024: checking for limits.h
configure:4024: result: yes
configure:4024: checking netdb.h usability
configure:4024: gcc -c -g -O2  -DWITH_POSIX conftest.c >&5
configure:4024: $? = 0
configure:4024: result: yes
configure:4024: checking netdb.h presence
configure:4024: gcc -E  -DWITH_POSIX conftest.c
configure:4024: $? = 0
configure:4024: result: yes
configure:4024: checking for netdb.h
configure:4024: result: yes
configure:4024: checking netinet/in.h usability
configure:4024: gcc -c -g -O2  -DWITH_POSIX conftest.c >&5
configure:4024: $? = 0
configure:4024: result: yes
configure:4024: checking netinet/in.h presence
configure:4024: gcc -E  -DWITH_POSIX conftest.c
configure:4024: $? = 0
configure:4024: result: yes
configure:4024: checking for netinet/in.h
configure:4024: result: yes
configure:4024: checking for stdlib.h
configure:4024: result: yes
configure:4024: checking for string.h
configure:4024: result: yes
configure:4024: checking for strings.h
configure:4024: result: yes
configure:4024: checking sys/socket.h usability
configure:4024: gcc -c -g -O2  -DWITH_POSIX conftest.c >&5
configure:4024: $? = 0
configure:4024: result: yes
configure:4024: checking sys/socket.h presence
configure:4024: gcc -E  -DWITH_POSIX conftest.c
configure:4024: $? = 0
configure:4024: result: yes
configure:4024: checking for sys/socket.h
configure:4024: result: yes
configure:4024: checking sys/time.h usability
configure:4024: gcc -c -g -O2  -DWITH_POSIX conftest.c >&5
configure:4024: $? = 0
configure:4024: result: yes
configure:4024: checking sys/time.h presence
configure:4024: gcc -E  -DWITH_POSIX conftest.c
configure:4024: $? = 0
configure:4024: result: yes
configure:4024: checking for sys/time.h
configure:4024: result: yes
configure:4024: checking time.h usability
configure:4024: gcc -c -g -O2  -DWITH_POSIX conftest.c >&5
configure:4024: $? = 0
configure:4024: result: yes
configure:4024: checking time.h presence
configure:4024: gcc -E  -DWITH_POSIX conftest.c
configure:4024: $? = 0
configure:4024: result: yes
configure:4024: checking for time.h
configure:4024: result: yes
configure:4024: checking for unistd.h
configure:4024: result: yes
configure:4024: checking sys/unistd.h usability
configure:4024: gcc -c -g -O2  -DWITH_POSIX conftest.c >&5
configure:4024: $? = 0
configure:4024: result: yes
configure:4024: checking sys/unistd.h presence
configure:4024: gcc -E  -DWITH_POSIX conftest.c
configure:4024: $? = 0
configure:4024: result: yes
configure:4024: checking for sys/unistd.h
configure:4024: result: yes
configure:4024: checking syslog.h usability
configure:4024: gcc -c -g -O2  -DWITH_POSIX conftest.c >&5
configure:4024: $? = 0
configure:4024: result: yes
configure:4024: checking syslog.h presence
configure:4024: gcc -E  -DWITH_POSIX conftest.c
configure:4024: $? = 0
configure:4024: result: yes
configure:4024: checking for syslog.h
configure:4024: result: yes
configure:4036: checking for size_t
configure:4036: gcc -c -g -O2  -DWITH_POSIX conftest.c >&5
configure:4036: $? = 0
configure:4036: gcc -c -g -O2  -DWITH_POSIX conftest.c >&5
conftest.c: In function 'main':
conftest.c:69:21: error: expected expression before ')' token
 if (sizeof ((size_t)))
                     ^
configure:4036: $? = 1
configure: failed program was:
| /* confdefs.h */
| #define PACKAGE_NAME "libcoap"
| #define PACKAGE_TARNAME "libcoap"
| #define PACKAGE_VERSION "4.1.1"
| #define PACKAGE_STRING "libcoap 4.1.1"
| #define PACKAGE_BUGREPORT ""
| #define PACKAGE_URL ""
| #define STDC_HEADERS 1
| #define HAVE_SYS_TYPES_H 1
| #define HAVE_SYS_STAT_H 1
| #define HAVE_STDLIB_H 1
| #define HAVE_STRING_H 1
| #define HAVE_MEMORY_H 1
| #define HAVE_STRINGS_H 1
| #define HAVE_INTTYPES_H 1
| #define HAVE_STDINT_H 1
| #define HAVE_UNISTD_H 1
| #define HAVE_ASSERT_H 1
| #define HAVE_ARPA_INET_H 1
| #define HAVE_LIMITS_H 1
| #define HAVE_NETDB_H 1
| #define HAVE_NETINET_IN_H 1
| #define HAVE_STDLIB_H 1
| #define HAVE_STRING_H 1
| #define HAVE_STRINGS_H 1
| #define HAVE_SYS_SOCKET_H 1
| #define HAVE_SYS_TIME_H 1
| #define HAVE_TIME_H 1
| #define HAVE_UNISTD_H 1
| #define HAVE_SYS_UNISTD_H 1
| #define HAVE_SYSLOG_H 1
| /* end confdefs.h.  */
| #include <stdio.h>
| #ifdef HAVE_SYS_TYPES_H
| # include <sys/types.h>
| #endif
| #ifdef HAVE_SYS_STAT_H
| # include <sys/stat.h>
| #endif
| #ifdef STDC_HEADERS
| # include <stdlib.h>
| # include <stddef.h>
| #else
| # ifdef HAVE_STDLIB_H
| #  include <stdlib.h>
| # endif
| #endif
| #ifdef HAVE_STRING_H
| # if !defined STDC_HEADERS && defined HAVE_MEMORY_H
| #  include <memory.h>
| # endif
| # include <string.h>
| #endif
| #ifdef HAVE_STRINGS_H
| # include <strings.h>
| #endif
| #ifdef HAVE_INTTYPES_H
| # include <inttypes.h>
| #endif
| #ifdef HAVE_STDINT_H
| # include <stdint.h>
| #endif
| #ifdef HAVE_UNISTD_H
| # include <unistd.h>
| #endif
| int
| main ()
| {
| if (sizeof ((size_t)))
| 	    return 0;
|   ;
|   return 0;
| }
configure:4036: result: yes
configure:4047: checking for ssize_t
configure:4047: gcc -c -g -O2  -DWITH_POSIX conftest.c >&5
configure:4047: $? = 0
configure:4047: gcc -c -g -O2  -DWITH_POSIX conftest.c >&5
conftest.c: In function 'main':
conftest.c:69:22: error: expected expression before ')' token
 if (sizeof ((ssize_t)))
                      ^
configure:4047: $? = 1
configure: failed program was:
| /* confdefs.h */
| #define PACKAGE_NAME "libcoap"
| #define PACKAGE_TARNAME "libcoap"
| #define PACKAGE_VERSION "4.1.1"
| #define PACKAGE_STRING "libcoap 4.1.1"
| #define PACKAGE_BUGREPORT ""
| #define PACKAGE_URL ""
| #define STDC_HEADERS 1
| #define HAVE_SYS_TYPES_H 1
| #define HAVE_SYS_STAT_H 1
| #define HAVE_STDLIB_H 1
| #define HAVE_STRING_H 1
| #define HAVE_MEMORY_H 1
| #define HAVE_STRINGS_H 1
| #define HAVE_INTTYPES_H 1
| #define HAVE_STDINT_H 1
| #define HAVE_UNISTD_H 1
| #define HAVE_ASSERT_H 1
| #define HAVE_ARPA_INET_H 1
| #define HAVE_LIMITS_H 1
| #define HAVE_NETDB_H 1
| #define HAVE_NETINET_IN_H 1
| #define HAVE_STDLIB_H 1
| #define HAVE_STRING_H 1
| #define HAVE_STRINGS_H 1
| #define HAVE_SYS_SOCKET_H 1
| #define HAVE_SYS_TIME_H 1
| #define HAVE_TIME_H 1
| #define HAVE_UNISTD_H 1
| #define HAVE_SYS_UNISTD_H 1
| #define HAVE_SYSLOG_H 1
| /* end confdefs.h.  */
| #include <stdio.h>
| #ifdef HAVE_SYS_TYPES_H
| # include <sys/types.h>
| #endif
| #ifdef HAVE_SYS_STAT_H
| # include <sys/stat.h>
| #endif
| #ifdef STDC_HEADERS
| # include <stdlib.h>
| # include <stddef.h>
| #else
| # ifdef HAVE_STDLIB_H
| #  include <stdlib.h>
| # endif
| #endif
| #ifdef HAVE_STRING_H
| # if !defined STDC_HEADERS && defined HAVE_MEMORY_H
| #  include <memory.h>
| # endif
| # include <string.h>
| #endif
| #ifdef HAVE_STRINGS_H
| # include <strings.h>
| #endif
| #ifdef HAVE_INTTYPES_H
| # include <inttypes.h>
| #endif
| #ifdef HAVE_STDINT_H
| # include <stdint.h>
| #endif
| #ifdef HAVE_UNISTD_H
| # include <unistd.h>
| #endif
| int
| main ()
| {
| if (sizeof ((ssize_t)))
| 	    return 0;
|   ;
|   return 0;
| }
configure:4047: result: yes
configure:4062: checking for stdlib.h
configure:4062: result: yes
configure:4072: checking for GNU libc compatible malloc
configure:4096: gcc -o conftest -g -O2  -DWITH_POSIX  conftest.c  >&5
configure:4096: $? = 0
configure:4096: ./conftest
configure:4096: $? = 0
configure:4106: result: yes
configure:4130: checking for memset
configure:4130: gcc -o conftest -g -O2  -DWITH_POSIX  conftest.c  >&5
conftest.c:58:6: warning: conflicting types for built-in function 'memset'
 char memset ();
      ^~~~~~
configure:4130: $? = 0
configure:4130: result: yes
configure:4130: checking for select
configure:4130: gcc -o conftest -g -O2  -DWITH_POSIX  conftest.c  >&5
configure:4130: $? = 0
configure:4130: result: yes
configure:4130: checking for socket
configure:4130: gcc -o conftest -g -O2  -DWITH_POSIX  conftest.c  >&5
configure:4130: $? = 0
configure:4130: result: yes
configure:4130: checking for strcasecmp
configure:4130: gcc -o conftest -g -O2  -DWITH_POSIX  conftest.c  >&5
conftest.c:61:6: warning: conflicting types for built-in function 'strcasecmp'
 char strcasecmp ();
      ^~~~~~~~~~
configure:4130: $? = 0
configure:4130: result: yes
configure:4130: checking for strrchr
configure:4130: gcc -o conftest -g -O2  -DWITH_POSIX  conftest.c  >&5
conftest.c:62:6: warning: conflicting types for built-in function 'strrchr'
 char strrchr ();
      ^~~~~~~
configure:4130: $? = 0
configure:4130: result: yes
configure:4130: checking for getaddrinfo
configure:4130: gcc -o conftest -g -O2  -DWITH_POSIX  conftest.c  >&5
configure:4130: $? = 0
configure:4130: result: yes
configure:4130: checking for strnlen
configure:4130: gcc -o conftest -g -O2  -DWITH_POSIX  conftest.c  >&5
configure:4130: $? = 0
configure:4130: result: yes
configure:4264: creating ./config.status

## ---------------------- ##
## Running config.status. ##
## ---------------------- ##

This file was extended by libcoap config.status 4.1.1, which was
generated by GNU Autoconf 2.69.  Invocation command line was

  CONFIG_FILES    = 
  CONFIG_HEADERS  = 
  CONFIG_LINKS    = 
  CONFIG_COMMANDS = 
  $ ./config.status 

on veil

config.status:832: creating Makefile
config.status:832: creating doc/Makefile
config.status:832: creating doc/Doxyfile
config.status:832: creating examples/Makefile
config.status:832: creating tests/Makefile
config.status:832: creating config.h
config.status:1002: config.h is unchanged

## ---------------- ##
## Cache variables. ##
## ---------------- ##

ac_cv_c_bigendian=no
ac_cv_c_compiler_gnu=yes
ac_cv_env_CC_set=
ac_cv_env_CC_value=
ac_cv_env_CFLAGS_set=
ac_cv_env_CFLAGS_value=
ac_cv_env_CPPFLAGS_set=
ac_cv_env_CPPFLAGS_value=
ac_cv_env_CPP_set=
ac_cv_env_CPP_value=
ac_cv_env_LDFLAGS_set=
ac_cv_env_LDFLAGS_value=
ac_cv_env_LIBS_set=
ac_cv_env_LIBS_value=
ac_cv_env_build_alias_set=
ac_cv_env_build_alias_value=
ac_cv_env_host_alias_set=
ac_cv_env_host_alias_value=
ac_cv_env_target_alias_set=
ac_cv_env_target_alias_value=
ac_cv_func_getaddrinfo=yes
ac_cv_func_malloc_0_nonnull=yes
ac_cv_func_memset=yes
ac_cv_func_select=yes
ac_cv_func_socket=yes
ac_cv_func_strcasecmp=yes
ac_cv_func_strnlen=yes
ac_cv_func_strrchr=yes
ac_cv_header_arpa_inet_h=yes
ac_cv_header_assert_h=yes
ac_cv_header_inttypes_h=yes
ac_cv_header_limits_h=yes
ac_cv_header_memory_h=yes
ac_cv_header_netdb_h=yes
ac_cv_header_netinet_in_h=yes
ac_cv_header_stdc=yes
ac_cv_header_stdint_h=yes
ac_cv_header_stdlib_h=yes
ac_cv_header_string_h=yes
ac_cv_header_strings_h=yes
ac_cv_header_sys_socket_h=yes
ac_cv_header_sys_stat_h=yes
ac_cv_header_sys_time_h=yes
ac_cv_header_sys_types_h=yes
ac_cv_header_sys_unistd_h=yes
ac_cv_header_syslog_h=yes
ac_cv_header_time_h=yes
ac_cv_header_unistd_h=yes
ac_cv_lib_coap_coap_new_pdu=no
ac_cv_objext=o
ac_cv_path_DOXYGEN=:
ac_cv_path_EGREP='/bin/grep -E'
ac_cv_path_ETAGS=/usr/bin/etags
ac_cv_path_GREP=/bin/grep
ac_cv_prog_CPP='gcc -E'
ac_cv_prog_ac_ct_CC=gcc
ac_cv_prog_ac_ct_RANLIB=ranlib
ac_cv_prog_cc_c89=
ac_cv_prog_cc_g=yes
ac_cv_prog_make_make_set=yes
ac_cv_search_gethostbyname='none required'
ac_cv_search_socket='none required'
ac_cv_type_size_t=yes
ac_cv_type_ssize_t=yes

## ----------------- ##
## Output variables. ##
## ----------------- ##

BUILD_SO=''
CC='gcc'
CFLAGS='-g -O2'
CPP='gcc -E'
CPPFLAGS=' -DWITH_POSIX'
DEFS='-DHAVE_CONFIG_H'
DOXYGEN=':'
ECHO_C=''
ECHO_N='-n'
ECHO_T=''
EGREP='/bin/grep -E'
ETAGS='/usr/bin/etags'
EXEEXT=''
GREP='/bin/grep'
LDFLAGS=''
LIBOBJS=''
LIBS=''
LIBSO_VERSION=''
LTLIBOBJS=''
OBJEXT='o'
PACKAGE_BUGREPORT=''
PACKAGE_NAME='libcoap'
PACKAGE_STRING='libcoap 4.1.1'
PACKAGE_TARNAME='libcoap'
PACKAGE_URL=''
PACKAGE_VERSION='4.1.1'
PATH_SEPARATOR=':'
RANLIB='ranlib'
SET_MAKE=''
SHELL='/bin/bash'
TESTS=''
ac_ct_CC='gcc'
bindir='${exec_prefix}/bin'
build_alias=''
datadir='${datarootdir}'
datarootdir='${prefix}/share'
docdir='${datarootdir}/doc/${PACKAGE_TARNAME}'
dvidir='${docdir}'
exec_prefix='${prefix}'
host_alias=''
htmldir='${docdir}'
includedir='${prefix}/include'
infodir='${datarootdir}/info'
libdir='${exec_prefix}/lib'
libexecdir='${exec_prefix}/libexec'
localedir='${datarootdir}/locale'
localstatedir='${prefix}/var'
mandir='${datarootdir}/man'
oldincludedir='/usr/include'
pdfdir='${docdir}'
prefix='/home/voul/src/company/coaptest'
program_transform_name='s,x,x,'
psdir='${docdir}'
runstatedir='${localstatedir}/run'
sbindir='${exec_prefix}/sbin'
sharedstatedir='${prefix}/com'
sysconfdir='${prefix}/etc'
target_alias=''

## ----------- ##
## confdefs.h. ##
## ----------- ##

/* confdefs.h */
#define PACKAGE_NAME "libcoap"
#define PACKAGE_TARNAME "libcoap"
#define PACKAGE_VERSION "4.1.1"
#define PACKAGE_STRING "libcoap 4.1.1"
#define PACKAGE_BUGREPORT ""
#define PACKAGE_URL ""
#define STDC_HEADERS 1
#define HAVE_SYS_TYPES_H 1
#define HAVE_SYS_STAT_H 1
#define HAVE_STDLIB_H 1
#define HAVE_STRING_H 1
#define HAVE_MEMORY_H 1
#define HAVE_STRINGS_H 1
#define HAVE_INTTYPES_H 1
#define HAVE_STDINT_H 1
#define HAVE_UNISTD_H 1
#define HAVE_ASSERT_H 1
#define HAVE_ARPA_INET_H 1
#define HAVE_LIMITS_H 1
#define HAVE_NETDB_H 1
#define HAVE_NETINET_IN_H 1
#define HAVE_STDLIB_H 1
#define HAVE_STRING_H 1
#define HAVE_STRINGS_H 1
#define HAVE_SYS_SOCKET_H 1
#define HAVE_SYS_TIME_H 1
#define HAVE_TIME_H 1
#define HAVE_UNISTD_H 1
#define HAVE_SYS_UNISTD_H 1
#define HAVE_SYSLOG_H 1
#define HAVE_STDLIB_H 1
#define HAVE_MALLOC 1
#define HAVE_MEMSET 1
#define HAVE_SELECT 1
#define HAVE_SOCKET 1
#define HAVE_STRCASECMP 1
#define HAVE_STRRCHR 1
#define HAVE_GETADDRINFO 1
#define HAVE_STRNLEN 1

configure: exit 0
